This is pdfTeX, Version 3.14159-1.10a (MiKTeX 2.2) (preloaded format=latex 2000.11.28)  22 NOV 2018 12:07
**notas_clase.tex
(notas_clase.tex{pdftex.cfg}
LaTeX2e <2001/06/01>
Babel <v3.7h> and hyphenation patterns for english, spanish, nohyphenation, loa
ded.
(C:\Program Files\MiKTeX 2.2\tex\latex\base\article.cls
Document Class: article 2001/04/21 v1.4e Standard LaTeX document class
(C:\Program Files\MiKTeX 2.2\tex\latex\base\size11.clo
File: size11.clo 2001/04/21 v1.4e Standard LaTeX file (size option)
)
\c@part=\count79
\c@section=\count80
\c@subsection=\count81
\c@subsubsection=\count82
\c@paragraph=\count83
\c@subparagraph=\count84
\c@figure=\count85
\c@table=\count86
\abovecaptionskip=\skip41
\belowcaptionskip=\skip42
\bibindent=\dimen102
)
(C:\Program Files\MiKTeX 2.2\tex\latex\base\inputenc.sty
Package: inputenc 2001/07/10 v0.99a Input encoding file 

(C:\Program Files\MiKTeX 2.2\tex\latex\base\latin1.def
File: latin1.def 2001/07/10 v0.99a Input encoding file 
))
(C:\Program Files\MiKTeX 2.2\tex\latex\hyperref\hyperref.sty
Package: hyperref 2002/10/24 v6.73a Hypertext links for LaTeX

(C:\Program Files\MiKTeX 2.2\tex\latex\graphics\keyval.sty
Package: keyval 1999/03/16 v1.13 key=value parser (DPC)
\KV@toks@=\toks14
)
\@linkdim=\dimen103
\Hy@linkcounter=\count87
\Hy@pagecounter=\count88

(C:\Program Files\MiKTeX 2.2\tex\latex\hyperref\pd1enc.def
File: pd1enc.def 2002/10/24 v6.73a Hyperref: PDFDocEncoding definition (HO)
)
(C:\Program Files\MiKTeX 2.2\tex\latex\00miktex\hyperref.cfg)
Package hyperref Info: Hyper figures OFF on input line 1787.
Package hyperref Info: Link nesting OFF on input line 1792.
Package hyperref Info: Hyper index ON on input line 1795.
Package hyperref Info: Plain pages ON on input line 1800.
Package hyperref Info: Backreferencing OFF on input line 1807.

Implicit mode ON; LaTeX internals redefined
Package hyperref Info: Bookmarks ON on input line 1911.
(C:\Program Files\MiKTeX 2.2\tex\latex\ltxmisc\url.sty
\Urlmuskip=\muskip10
Package: url 1999/03/28  ver 1.5x  Verb mode for urls, etc.
)
LaTeX Info: Redefining \url on input line 2050.
\Fld@menulength=\count89
\Field@Width=\dimen104
\Fld@charsize=\dimen105
\Choice@toks=\toks15
\Field@toks=\toks16
Package hyperref Info: Hyper figures OFF on input line 2508.
Package hyperref Info: Link nesting OFF on input line 2513.
Package hyperref Info: Hyper index ON on input line 2516.
Package hyperref Info: backreferencing OFF on input line 2523.
Package hyperref Info: Link coloring OFF on input line 2528.
\c@Item=\count90
\c@Hfootnote=\count91
)
*hyperref using driver hpdftex*
(C:\Program Files\MiKTeX 2.2\tex\latex\hyperref\hpdftex.def
File: hpdftex.def 2002/10/24 v6.73a Hyperref driver for pdfTeX

(C:\Program Files\MiKTeX 2.2\tex\latex\psnfss\pifont.sty
Package: pifont 2001/06/04 PSNFSS-v8.2 Pi font support (SPQR) 
LaTeX Font Info:    Try loading font information for U+pzd on input line 62.

(C:\Program Files\MiKTeX 2.2\tex\latex\psnfss\upzd.fd
File: upzd.fd 2001/06/04 font definitions for U/pzd.
)
LaTeX Font Info:    Try loading font information for U+psy on input line 63.

(C:\Program Files\MiKTeX 2.2\tex\latex\psnfss\upsy.fd
File: upsy.fd 2001/06/04 font definitions for U/psy.
))
\Fld@listcount=\count92
\@outlinefile=\write3
)
(C:\Program Files\MiKTeX 2.2\tex\latex\graphics\graphicx.sty
Package: graphicx 1999/02/16 v1.0f Enhanced LaTeX Graphics (DPC,SPQR)

(C:\Program Files\MiKTeX 2.2\tex\latex\graphics\graphics.sty
Package: graphics 2001/07/07 v1.0n Standard LaTeX Graphics (DPC,SPQR)

(C:\Program Files\MiKTeX 2.2\tex\latex\graphics\trig.sty
Package: trig 1999/03/16 v1.09 sin cos tan (DPC)
)
(C:\Program Files\MiKTeX 2.2\tex\latex\00miktex\graphics.cfg)
Package graphics Info: Driver file: pdftex.def on input line 80.

(C:\Program Files\MiKTeX 2.2\tex\latex\graphics\pdftex.def
File: pdftex.def 2001/11/29 v0.03i graphics/color for pdftex
\Gread@gobject=\count93
))
\Gin@req@height=\dimen106
\Gin@req@width=\dimen107
)
(C:\Program Files\MiKTeX 2.2\tex\latex\graphics\color.sty
Package: color 1999/02/16 v1.0i Standard LaTeX Color (DPC)

(C:\Program Files\MiKTeX 2.2\tex\latex\00miktex\color.cfg)
Package color Info: Driver file: pdftex.def on input line 125.
)
(C:\Program Files\MiKTeX 2.2\tex\latex\amsfonts\amssymb.sty
Package: amssymb 2002/01/22 v2.2d

(C:\Program Files\MiKTeX 2.2\tex\latex\amsfonts\amsfonts.sty
Package: amsfonts 2001/10/25 v2.2f
\@emptytoks=\toks17
\symAMSa=\mathgroup4
\symAMSb=\mathgroup5
LaTeX Font Info:    Overwriting math alphabet `\mathfrak' in version `bold'
(Font)                  U/euf/m/n --> U/euf/b/n on input line 132.
))
(C:\Program Files\MiKTeX 2.2\tex\latex\ltxmisc\cancel.sty
Package: cancel 2000/03/12 v2.1 Cancel math terms
)
(C:\Program Files\MiKTeX 2.2\tex\latex\tools\verbatim.sty
Package: verbatim 2001/03/12 v1.5p LaTeX2e package for verbatim enhancements
\every@verbatim=\toks18
\verbatim@line=\toks19
\verbatim@in@stream=\read1
)
(C:\Program Files\MiKTeX 2.2\tex\latex\base\latexsym.sty
Package: latexsym 1998/08/17 v2.2e Standard LaTeX package (lasy symbols)
\symlasy=\mathgroup6
LaTeX Font Info:    Overwriting symbol font `lasy' in version `bold'
(Font)                  U/lasy/m/n --> U/lasy/b/n on input line 42.
)
(C:\Program Files\MiKTeX 2.2\tex\generic\Babel\babel.sty
Package: babel 2001/03/01 v3.7h The Babel package

(C:\Program Files\MiKTeX 2.2\tex\generic\Babel\spanish.ldf
Language: spanish.ldf 2001/01/30 v4.1c Spanish support from the babel system

(C:\Program Files\MiKTeX 2.2\tex\generic\Babel\babel.def
File: babel.def 2001/03/01 v3.7h Babel common definitions
\babel@savecnt=\count94
\U@D=\dimen108
)
\es@quottoks=\toks20
\es@quotdepth=\count95
Package babel Info: Making . an active character on input line 464.
Package babel Info: Making " an active character on input line 495.
Package babel Info: Making < an active character on input line 581.
Package babel Info: Making > an active character on input line 582.
))
(C:\Program Files\MiKTeX 2.2\tex\latex\was\upgreek.sty
Package: upgreek 2002/09/28 v2.0 (WaS)
Package upgreek Info: Using Euler Roman for upright Greek on input line 31.
\symugrf@m=\mathgroup7
LaTeX Font Info:    Overwriting symbol font `ugrf@m' in version `bold'
(Font)                  U/eur/m/n --> U/eur/b/n on input line 38.
)
(C:\Program Files\MiKTeX 2.2\tex\latex\pdfpages\pdfpages.sty
Package: pdfpages 2002/10/01 v0.2k Insert pages of external PDF documents (AM)

(C:\Program Files\MiKTeX 2.2\tex\latex\base\ifthen.sty
Package: ifthen 2001/05/26 v1.1c Standard LaTeX ifthen package (DPC)
)
(C:\Program Files\MiKTeX 2.2\tex\latex\tools\calc.sty
Package: calc 1998/07/07 v4.1b Infix arithmetic (KKT,FJ)
\calc@Acount=\count96
\calc@Bcount=\count97
\calc@Adimen=\dimen109
\calc@Bdimen=\dimen110
\calc@Askip=\skip43
\calc@Bskip=\skip44
LaTeX Info: Redefining \setlength on input line 59.
LaTeX Info: Redefining \addtolength on input line 60.
\calc@denominator=\count98
)
(C:\Program Files\MiKTeX 2.2\tex\latex\eso-pic\eso-pic.sty
Package: eso-pic 2002/10/07 v1.0a eso-pic (RN)

(C:\Program Files\MiKTeX 2.2\tex\latex\ms\everyshi.sty
Package: everyshi 2001/05/15 v3.00 EveryShipout Package (MS)
))
\AM@toc@title=\toks21
)
(C:\Program Files\MiKTeX 2.2\tex\latex\geometry\geometry.sty
Package: geometry 2002/07/08 v3.2 Page Geometry
\Gm@cnth=\count99
\Gm@cntv=\count100
\c@Gm@tempcnt=\count101
\Gm@bindingoffset=\dimen111
\Gm@wd@mp=\dimen112
\Gm@odd@mp=\dimen113
\Gm@even@mp=\dimen114
\Gm@dimlist=\toks22

(C:\Program Files\MiKTeX 2.2\tex\latex\geometry\geometry.cfg)) (notas_clase.aux
)
LaTeX Font Info:    Checking defaults for OML/cmm/m/it on input line 20.
LaTeX Font Info:    ... okay on input line 20.
LaTeX Font Info:    Checking defaults for T1/cmr/m/n on input line 20.
LaTeX Font Info:    ... okay on input line 20.
LaTeX Font Info:    Checking defaults for OT1/cmr/m/n on input line 20.
LaTeX Font Info:    ... okay on input line 20.
LaTeX Font Info:    Checking defaults for OMS/cmsy/m/n on input line 20.
LaTeX Font Info:    ... okay on input line 20.
LaTeX Font Info:    Checking defaults for OMX/cmex/m/n on input line 20.
LaTeX Font Info:    ... okay on input line 20.
LaTeX Font Info:    Checking defaults for U/cmr/m/n on input line 20.
LaTeX Font Info:    ... okay on input line 20.
LaTeX Font Info:    Checking defaults for PD1/pdf/m/n on input line 20.
LaTeX Font Info:    ... okay on input line 20.
Package hyperref Info: Link coloring OFF on input line 20.
 (C:\Program Files\MiKTeX 2.2\tex\latex\hyperref\nameref.sty
Package: nameref 2001/01/27 v2.19 Cross-referencing by name of section
\c@section@level=\count102
)
LaTeX Info: Redefining \ref on input line 20.
LaTeX Info: Redefining \pageref on input line 20.
 (notas_clase.out) (notas_clase.out) (C:\Program Files\MiKTeX 2.2\tex\context\b
ase\supp-pdf.tex
(C:\Program Files\MiKTeX 2.2\tex\context\base\supp-mis.tex
loading : Context Support Macros / Missing
\protectiondepth=\count103
\scratchcounter=\count104
\scratchdimen=\dimen115
\scratchskip=\skip45
\scratchmuskip=\muskip11
\scratchbox=\box26
\scratchread=\read2
\scratchwrite=\write4
\nextbox=\box27
\nextdepth=\dimen116
\everyline=\toks23
\!!counta=\count105
\!!countb=\count106
\recursecounter=\count107
)
loading : Context Support Macros / PDF
\nofMPsegments=\count108
\nofMParguments=\count109
) ABD: EveryShipout initializing macros
-------------------- Geometry parameters
paper: a4paper
landscape: --
twocolumn: --
twoside: --
asymmetric: --
h-parts: 56.9055pt, 483.69687pt, 56.9055pt
v-parts: 56.9055pt, 731.23584pt, 56.9055pt
hmarginratio: --
vmarginratio: --
lines: --
heightrounded: --
bindingoffset: 0.0pt
truedimen: --
includehead: --
includefoot: --
includemp: --
driver: pdftex
-------------------- Page layout dimensions and switches
\paperwidth  597.50787pt
\paperheight 845.04684pt
\textwidth  483.69687pt
\textheight 731.23584pt
\oddsidemargin  -15.36449pt
\evensidemargin -15.36449pt
\topmargin  -52.36449pt
\headheight 12.0pt
\headsep    25.0pt
\footskip   30.0pt
\marginparwidth 50.0pt
\marginparsep   10.0pt
\columnsep  10.0pt
\skip\footins  10.0pt plus 4.0pt minus 2.0pt
\hoffset 0.0pt
\voffset 0.0pt
\mag 1000

(1in=72.27pt, 1cm=28.45pt)
-----------------------
LaTeX Font Info:    Try loading font information for U+msa on input line 47.

(C:\Program Files\MiKTeX 2.2\tex\latex\amsfonts\umsa.fd
File: umsa.fd 2002/01/19 v2.2g AMS font definitions
)
LaTeX Font Info:    Try loading font information for U+msb on input line 47.

(C:\Program Files\MiKTeX 2.2\tex\latex\amsfonts\umsb.fd
File: umsb.fd 2002/01/19 v2.2g AMS font definitions
)
LaTeX Font Info:    Try loading font information for U+lasy on input line 47.

(C:\Program Files\MiKTeX 2.2\tex\latex\base\ulasy.fd
File: ulasy.fd 1998/08/17 v2.2e LaTeX symbol font definitions
) [1

{sfonts.map}] [2]
(notas_clase.aux) )<cmmi8.pfb><eurm10.pfb><cmsy10.pfb><cmmi10.pfb><cmsy8.pfb><c
mr8.pfb><cmr10.pfb>
Output written on notas_clase.pdf (2 pages, 33705 bytes).
